<?xml version="1.0" encoding="UTF-8"?>
<!-- Generated by org.testng.reporters.JUnitXMLReporter -->
<testsuite ignored="3" hostname="EPINBANW0601" failures="0" tests="1" name="MyTest2346" time="3.703" errors="0" timestamp="2023-11-14T16:17:09 IST">
  <testcase classname="org.example.LoginPage" name="test3" time="0.002"/>
  <testcase classname="org.example.LoginPage" name="test4" time="0.0">
    <ignored/>
  </testcase> <!-- test4 -->
  <testcase classname="org.example.LoginPage" name="test2" time="0.0">
    <ignored/>
  </testcase> <!-- test2 -->
  <testcase classname="org.example.LoginPage" name="test1" time="0.0">
    <ignored/>
  </testcase> <!-- test1 -->
</testsuite> <!-- MyTest2346 -->
