<?xml version="1.0" encoding="UTF-8"?>
<testng-results ignored="3" total="4" passed="1" failed="0" skipped="0">
  <reporter-output>
  </reporter-output>
  <suite started-at="2023-11-14T16:17:05 IST" name="MyTestSuite" finished-at="2023-11-14T16:17:09 IST" duration-ms="3703">
    <groups>
      <group name="smoke">
        <method signature="LoginPage.test3(java.lang.Object,java.lang.Object,java.lang.Object,java.lang.Object)[pri:0, instance:org.example.LoginPage@33bc72d1]" name="test3" class="org.example.LoginPage"/>
      </group> <!-- smoke -->
    </groups>
    <test started-at="2023-11-14T16:17:05 IST" name="MyTest2346" finished-at="2023-11-14T16:17:09 IST" duration-ms="3703">
      <class name="org.example.LoginPage">
        <test-method is-config="true" signature="setup(java.lang.String)[pri:0, instance:org.example.LoginPage@33bc72d1]" started-at="2023-11-14T16:17:05 IST" name="setup" finished-at="2023-11-14T16:17:08 IST" duration-ms="3489" status="PASS">
          <params>
            <param index="0">
              <value>
                <![CDATA[chrome]]>
              </value>
            </param>
          </params>
          <reporter-output>
          </reporter-output>
        </test-method> <!-- setup -->
        <test-method signature="test3(java.lang.Object,java.lang.Object,java.lang.Object,java.lang.Object)[pri:0, instance:org.example.LoginPage@33bc72d1]" started-at="2023-11-14T16:17:08 IST" name="test3" data-provider="dataprov1" finished-at="2023-11-14T16:17:08 IST" duration-ms="2" status="PASS">
          <params>
            <param index="0">
              <value>
                <![CDATA[s]]>
              </value>
            </param>
            <param index="1">
              <value>
                <![CDATA[a]]>
              </value>
            </param>
            <param index="2">
              <value>
                <![CDATA[b]]>
              </value>
            </param>
            <param index="3">
              <value>
                <![CDATA[f]]>
              </value>
            </param>
          </params>
          <reporter-output>
          </reporter-output>
        </test-method> <!-- test3 -->
        <test-method is-config="true" signature="tearDown()[pri:0, instance:org.example.LoginPage@33bc72d1]" started-at="2023-11-14T16:17:08 IST" name="tearDown" finished-at="2023-11-14T16:17:09 IST" duration-ms="163" status="PASS">
          <reporter-output>
          </reporter-output>
        </test-method> <!-- tearDown -->
      </class> <!-- org.example.LoginPage -->
    </test> <!-- MyTest2346 -->
  </suite> <!-- MyTestSuite -->
</testng-results>
